<?xml version="1.0" encoding="UTF-8"?>
<testng-results ignored="0" total="1" passed="1" failed="0" skipped="0">
  <reporter-output>
  </reporter-output>
  <suite started-at="2023-08-10T15:41:06 TST" name="Default suite" finished-at="2023-08-10T15:41:41 TST" duration-ms="34700">
    <groups>
    </groups>
    <test started-at="2023-08-10T15:41:06 TST" name="Default test" finished-at="2023-08-10T15:41:41 TST" duration-ms="34700">
      <class name="Puzzle.AutoTest.PUZZLE">
        <test-method is-config="true" signature="beforeClass()[pri:0, instance:Puzzle.AutoTest.PUZZLE@51399530]" started-at="2023-08-10T15:41:06 TST" name="beforeClass" finished-at="2023-08-10T15:41:06 TST" duration-ms="7" status="PASS">
          <reporter-output>
          </reporter-output>
        </test-method> <!-- beforeClass -->
        <test-method signature="DA004()[pri:0, instance:Puzzle.AutoTest.PUZZLE@51399530]" started-at="2023-08-10T15:41:06 TST" name="DA004" finished-at="2023-08-10T15:41:41 TST" duration-ms="34666" status="PASS">
          <reporter-output>
          </reporter-output>
        </test-method> <!-- DA004 -->
        <test-method is-config="true" signature="afterClass()[pri:0, instance:Puzzle.AutoTest.PUZZLE@51399530]" started-at="2023-08-10T15:41:41 TST" name="afterClass" finished-at="2023-08-10T15:41:41 TST" duration-ms="1" status="PASS">
          <reporter-output>
          </reporter-output>
        </test-method> <!-- afterClass -->
      </class> <!-- Puzzle.AutoTest.PUZZLE -->
    </test> <!-- Default test -->
  </suite> <!-- Default suite -->
</testng-results>
